\BOOKMARK [1][]{Doc-Start}{\376\377\000L\000i\000s\000t\000a\000\040\000d\000e\000\040\000A\000b\000r\000e\000v\000i\000a\000t\000u\000r\000a\000s\000\040\000e\000\040\000S\000i\000g\000l\000a\000s}{}% 1
\BOOKMARK [1][]{section.1}{\376\377\000I\000n\000t\000r\000o\000d\000u\000\347\000\343\000o}{}% 2
\BOOKMARK [2][]{subsection.1.1}{\376\377\000O\000b\000j\000e\000t\000i\000v\000o\000s}{section.1}% 3
\BOOKMARK [3][]{subsubsection.1.1.1}{\376\377\000O\000b\000j\000e\000t\000i\000v\000o\000\040\000G\000e\000r\000a\000l}{subsection.1.1}% 4
\BOOKMARK [3][]{subsubsection.1.1.2}{\376\377\000O\000b\000j\000e\000t\000i\000v\000o\000s\000\040\000E\000s\000p\000e\000c\000\355\000f\000i\000c\000o\000s}{subsection.1.1}% 5
\BOOKMARK [1][]{section.2}{\376\377\000F\000u\000n\000d\000a\000m\000e\000n\000t\000a\000\347\000\343\000o\000\040\000T\000e\000\363\000r\000i\000c\000a}{}% 6
\BOOKMARK [2][]{subsection.2.1}{\376\377\000T\000e\000c\000n\000o\000l\000o\000g\000i\000a\000s\000\040\000d\000e\000\040\000S\000\355\000n\000t\000e\000s\000e\000\040\000d\000e\000\040\000V\000o\000z}{section.2}% 7
\BOOKMARK [3][]{subsubsection.2.1.1}{\376\377\000C\000l\000o\000n\000a\000g\000e\000m\000\040\000d\000e\000\040\000V\000o\000z}{subsection.2.1}% 8
\BOOKMARK [3][]{subsubsection.2.1.2}{\376\377\000C\000o\000n\000v\000e\000r\000s\000\343\000o\000\040\000d\000e\000\040\000V\000o\000z}{subsection.2.1}% 9
\BOOKMARK [3][]{subsubsection.2.1.3}{\376\377\000S\000\355\000n\000t\000e\000s\000e\000\040\000d\000e\000\040\000F\000a\000l\000a\000\040\000\050\000T\000e\000x\000t\000-\000t\000o\000-\000S\000p\000e\000e\000c\000h\000\051}{subsection.2.1}% 10
\BOOKMARK [3][]{subsubsection.2.1.4}{\376\377\000M\000a\000n\000i\000p\000u\000l\000a\000\347\000\343\000o\000\040\000e\000m\000\040\000T\000e\000m\000p\000o\000\040\000R\000e\000a\000l}{subsection.2.1}% 11
\BOOKMARK [2][]{subsection.2.2}{\376\377\000G\000e\000r\000a\000\347\000\365\000e\000s\000\040\000d\000e\000\040\000M\000\351\000t\000o\000d\000o\000s\000\040\000d\000e\000\040\000D\000e\000t\000e\000c\000\347\000\343\000o}{section.2}% 12
\BOOKMARK [3][]{subsubsection.2.2.1}{\376\377\000P\000r\000i\000m\000e\000i\000r\000a\000\040\000G\000e\000r\000a\000\347\000\343\000o\000\040\040\024\000\040\000C\000a\000r\000a\000c\000t\000e\000r\000\355\000s\000t\000i\000c\000a\000s\000\040\000M\000a\000n\000u\000a\000i\000s\000\040\000e\000\040\000E\000s\000t\000a\000t\000\355\000s\000t\000i\000c\000a\000\040\000C\000l\000\341\000s\000s\000i\000c\000a}{subsection.2.2}% 13
\BOOKMARK [3][]{subsubsection.2.2.2}{\376\377\000S\000e\000g\000u\000n\000d\000a\000\040\000G\000e\000r\000a\000\347\000\343\000o\000\040\040\024\000\040\000C\000N\000N\000s\000\040\000e\000\040\000R\000N\000N\000s\000\040\000e\000m\000\040\000E\000s\000p\000e\000c\000t\000r\000o\000g\000r\000a\000m\000a\000s}{subsection.2.2}% 14
\BOOKMARK [3][]{subsubsection.2.2.3}{\376\377\000T\000e\000r\000c\000e\000i\000r\000a\000\040\000G\000e\000r\000a\000\347\000\343\000o\000\040\040\024\000\040\000A\000n\000\341\000l\000i\000s\000e\000\040\000D\000i\000r\000e\000t\000a\000\040\000d\000e\000\040\000F\000o\000r\000m\000a\000\040\000d\000e\000\040\000O\000n\000d\000a\000\040\000e\000\040\000G\000r\000a\000f\000o\000s}{subsection.2.2}% 15
\BOOKMARK [3][]{subsubsection.2.2.4}{\376\377\000Q\000u\000a\000r\000t\000a\000\040\000G\000e\000r\000a\000\347\000\343\000o\000\040\040\024\000\040\000M\000o\000d\000e\000l\000o\000s\000\040\000F\000o\000u\000n\000d\000a\000t\000i\000o\000n\000\040\000e\000\040\000S\000S\000L}{subsection.2.2}% 16
\BOOKMARK [1][]{section.3}{\376\377\000M\000e\000t\000o\000d\000o\000l\000o\000g\000i\000a}{}% 17
\BOOKMARK [2][]{subsection.3.1}{\376\377\000V\000i\000s\000\343\000o\000\040\000G\000e\000r\000a\000l\000\040\000d\000o\000\040\000P\000i\000p\000e\000l\000i\000n\000e}{section.3}% 18
\BOOKMARK [2][]{subsection.3.2}{\376\377\000D\000a\000t\000a\000s\000e\000t\000\040\000e\000\040\000P\000r\000o\000t\000o\000c\000o\000l\000o\000\040\000E\000x\000p\000e\000r\000i\000m\000e\000n\000t\000a\000l}{section.3}% 19
\BOOKMARK [3][]{subsubsection.3.2.1}{\376\377\000C\000o\000n\000s\000t\000r\000u\000\347\000\343\000o\000\040\000d\000o\000\040\000D\000a\000t\000a\000s\000e\000t\000\040\000B\000R\000S\000p\000e\000e\000c\000h\000-\000D\000F}{subsection.3.2}% 20
\BOOKMARK [3][]{subsubsection.3.2.2}{\376\377\000P\000r\000o\000t\000o\000c\000o\000l\000o\000\040\000d\000e\000\040\000T\000r\000e\000i\000n\000a\000m\000e\000n\000t\000o}{subsection.3.2}% 21
\BOOKMARK [2][]{subsection.3.3}{\376\377\000E\000t\000a\000p\000a\000\040\0001\000:\000\040\000P\000r\000\351\000-\000p\000r\000o\000c\000e\000s\000s\000a\000m\000e\000n\000t\000o}{section.3}% 22
\BOOKMARK [3][]{subsubsection.3.3.1}{\376\377\000N\000o\000r\000m\000a\000l\000i\000z\000a\000\347\000\343\000o\000\040\000A\000G\000C}{subsection.3.3}% 23
\BOOKMARK [3][]{subsubsection.3.3.2}{\376\377\000D\000e\000t\000e\000c\000\347\000\343\000o\000\040\000d\000e\000\040\000A\000t\000i\000v\000i\000d\000a\000d\000e\000\040\000d\000e\000\040\000V\000o\000z\000\040\000\050\000V\000A\000D\000\051}{subsection.3.3}% 24
\BOOKMARK [2][]{subsection.3.4}{\376\377\000E\000t\000a\000p\000a\000\040\0002\000:\000\040\000E\000x\000t\000r\000a\000\347\000\343\000o\000\040\000e\000\040\000A\000n\000\341\000l\000i\000s\000e\000\040\000d\000e\000\040\000C\000a\000r\000a\000c\000t\000e\000r\000\355\000s\000t\000i\000c\000a\000s}{section.3}% 25
\BOOKMARK [3][]{subsubsection.3.4.1}{\376\377\000C\000a\000r\000a\000c\000t\000e\000r\000\355\000s\000t\000i\000c\000a\000s\000\040\000E\000s\000p\000e\000c\000t\000r\000a\000i\000s}{subsection.3.4}% 26
\BOOKMARK [3][]{subsubsection.3.4.2}{\376\377\000C\000o\000e\000f\000i\000c\000i\000e\000n\000t\000e\000s\000\040\000C\000e\000p\000s\000t\000r\000a\000i\000s\000\040\000n\000a\000\040\000E\000s\000c\000a\000l\000a\000\040\000M\000e\000l\000\040\000\050\000M\000F\000C\000C\000\051}{subsection.3.4}% 27
\BOOKMARK [3][]{subsubsection.3.4.3}{\376\377\000E\000s\000p\000e\000c\000t\000r\000o\000g\000r\000a\000m\000a\000s\000\040\000n\000a\000\040\000E\000s\000c\000a\000l\000a\000\040\000M\000e\000l}{subsection.3.4}% 28
\BOOKMARK [3][]{subsubsection.3.4.4}{\376\377\000C\000a\000r\000a\000c\000t\000e\000r\000\355\000s\000t\000i\000c\000a\000s\000\040\000P\000r\000o\000s\000\363\000d\000i\000c\000a\000s}{subsection.3.4}% 29
\BOOKMARK [3][]{subsubsection.3.4.5}{\376\377\000C\000o\000n\000s\000t\000a\000n\000t\000-\000Q\000\040\000T\000r\000a\000n\000s\000f\000o\000r\000m\000\040\000\050\000C\000Q\000T\000\051}{subsection.3.4}% 30
\BOOKMARK [3][]{subsubsection.3.4.6}{\376\377\000C\000a\000r\000a\000c\000t\000e\000r\000\355\000s\000t\000i\000c\000a\000s\000\040\000D\000e\000l\000t\000a\000\040\000e\000\040\000D\000e\000l\000t\000a\000-\000D\000e\000l\000t\000a}{subsection.3.4}% 31
\BOOKMARK [2][]{subsection.3.5}{\376\377\000R\000a\000n\000k\000i\000n\000g\000\040\000d\000e\000\040\000C\000a\000r\000a\000c\000t\000e\000r\000\355\000s\000t\000i\000c\000a\000s\000\040\000p\000o\000r\000\040\000D\000e\000s\000e\000m\000p\000e\000n\000h\000o\000\040\000D\000i\000s\000c\000r\000i\000m\000i\000n\000a\000t\000i\000v\000o}{section.3}% 32
\BOOKMARK [2][]{subsection.3.6}{\376\377\000N\000o\000r\000m\000a\000l\000i\000z\000a\000\347\000\343\000o\000\040\000E\000s\000t\000a\000t\000\355\000s\000t\000i\000c\000a}{section.3}% 33
\BOOKMARK [1][]{section.4}{\376\377\000A\000r\000q\000u\000i\000t\000e\000t\000u\000r\000a\000s\000\040\000d\000e\000\040\000D\000e\000e\000p\000\040\000L\000e\000a\000r\000n\000i\000n\000g}{}% 34
\BOOKMARK [2][]{subsection.4.1}{\376\377\000M\000o\000d\000e\000l\000o\000s\000\040\000S\000S\000L\000\040\000e\000\040\000R\000a\000w\000-\000A\000u\000d\000i\000o}{section.4}% 35
\BOOKMARK [2][]{subsection.4.2}{\376\377\000M\000o\000d\000e\000l\000o\000s\000\040\000E\000s\000p\000e\000c\000t\000r\000a\000i\000s\000\040\000N\000e\000u\000r\000a\000i\000s}{section.4}% 36
\BOOKMARK [2][]{subsection.4.3}{\376\377\000M\000o\000d\000e\000l\000o\000s\000\040\000C\000l\000\341\000s\000s\000i\000c\000o\000s}{section.4}% 37
\BOOKMARK [2][]{subsection.4.4}{\376\377\000C\000o\000n\000f\000i\000g\000u\000r\000a\000\347\000\343\000o\000\040\000d\000e\000\040\000T\000r\000e\000i\000n\000a\000m\000e\000n\000t\000o}{section.4}% 38
\BOOKMARK [3][]{subsubsection.4.4.1}{\376\377\000F\000u\000n\000\347\000\343\000o\000\040\000d\000e\000\040\000P\000e\000r\000d\000a}{subsection.4.4}% 39
\BOOKMARK [3][]{subsubsection.4.4.2}{\376\377\000R\000e\000g\000u\000l\000a\000r\000i\000z\000a\000\347\000\343\000o}{subsection.4.4}% 40
\BOOKMARK [3][]{subsubsection.4.4.3}{\376\377\000O\000t\000i\000m\000i\000z\000a\000d\000o\000r}{subsection.4.4}% 41
\BOOKMARK [1][]{section.5}{\376\377\000F\000e\000r\000r\000a\000m\000e\000n\000t\000a\000s\000\040\000d\000e\000\040\000S\000o\000f\000t\000w\000a\000r\000e\000\040\000L\000i\000v\000r\000e}{}% 42
\BOOKMARK [1][]{section.6}{\376\377\000E\000x\000p\000e\000r\000i\000m\000e\000n\000t\000o\000s\000\040\000e\000\040\000R\000e\000s\000u\000l\000t\000a\000d\000o\000s}{}% 43
\BOOKMARK [2][]{subsection.6.1}{\376\377\000A\000m\000b\000i\000e\000n\000t\000e\000\040\000E\000x\000p\000e\000r\000i\000m\000e\000n\000t\000a\000l\000\040\000e\000\040\000H\000a\000r\000d\000w\000a\000r\000e}{section.6}% 44
\BOOKMARK [2][]{subsection.6.2}{\376\377\000R\000e\000p\000r\000o\000d\000u\000t\000i\000b\000i\000l\000i\000d\000a\000d\000e\000\040\000d\000o\000\040\000B\000e\000n\000c\000h\000m\000a\000r\000k}{section.6}% 45
\BOOKMARK [2][]{subsection.6.3}{\376\377\000R\000e\000s\000u\000l\000t\000a\000d\000o\000s\000\040\000n\000o\000\040\000C\000o\000n\000j\000u\000n\000t\000o\000\040\000d\000e\000\040\000T\000e\000s\000t\000e\000\040\000L\000i\000m\000p\000o}{section.6}% 46
\BOOKMARK [2][]{subsection.6.4}{\376\377\000L\000e\000i\000t\000u\000r\000a\000\040\000d\000a\000s\000\040\000M\000a\000t\000r\000i\000z\000e\000s\000\040\000d\000e\000\040\000C\000o\000n\000f\000u\000s\000\343\000o}{section.6}% 47
\BOOKMARK [2][]{subsection.6.5}{\376\377\000A\000n\000\341\000l\000i\000s\000e\000\040\000d\000o\000s\000\040\000R\000e\000s\000u\000l\000t\000a\000d\000o\000s}{section.6}% 48
\BOOKMARK [2][]{subsection.6.6}{\376\377\000E\000f\000i\000c\000i\000\352\000n\000c\000i\000a\000\040\000C\000o\000m\000p\000u\000t\000a\000c\000i\000o\000n\000a\000l}{section.6}% 49
\BOOKMARK [2][]{subsection.6.7}{\376\377\000S\000\355\000n\000t\000e\000s\000e\000\040\000d\000e\000\040\000P\000a\000r\000e\000t\000o\000\040\000e\000\040\000R\000e\000c\000o\000m\000e\000n\000d\000a\000\347\000\343\000o\000\040\000O\000p\000e\000r\000a\000c\000i\000o\000n\000a\000l}{section.6}% 50
\BOOKMARK [2][]{subsection.6.8}{\376\377\000R\000o\000b\000u\000s\000t\000e\000z\000\040\000a\000\040\000R\000u\000\355\000d\000o}{section.6}% 51
\BOOKMARK [2][]{subsection.6.9}{\376\377\000E\000s\000t\000a\000b\000i\000l\000i\000d\000a\000d\000e\000\040\000d\000o\000\040\000T\000r\000e\000i\000n\000a\000m\000e\000n\000t\000o}{section.6}% 52
\BOOKMARK [1][]{section.7}{\376\377\000D\000i\000s\000c\000u\000s\000s\000\343\000o}{}% 53
\BOOKMARK [2][]{subsection.7.1}{\376\377\000C\000o\000m\000p\000a\000r\000a\000\347\000\343\000o\000\040\000Q\000u\000a\000l\000i\000t\000a\000t\000i\000v\000a\000\040\000c\000o\000m\000\040\000a\000\040\000L\000i\000t\000e\000r\000a\000t\000u\000r\000a}{section.7}% 54
\BOOKMARK [2][]{subsection.7.2}{\376\377\000A\000m\000e\000a\000\347\000a\000s\000\040\000\340\000\040\000V\000a\000l\000i\000d\000a\000d\000e\000\040\000e\000\040\000L\000i\000m\000i\000t\000a\000\347\000\365\000e\000s}{section.7}% 55
\BOOKMARK [2][]{subsection.7.3}{\376\377\000C\000o\000n\000s\000i\000d\000e\000r\000a\000\347\000\365\000e\000s\000\040\000\311\000t\000i\000c\000a\000s\000\040\000e\000\040\000L\000G\000P\000D}{section.7}% 56
\BOOKMARK [2][]{subsection.7.4}{\376\377\000T\000r\000a\000b\000a\000l\000h\000o\000s\000\040\000F\000u\000t\000u\000r\000o\000s}{section.7}% 57
\BOOKMARK [1][]{section.8}{\376\377\000C\000o\000n\000c\000l\000u\000s\000\365\000e\000s}{}% 58
\BOOKMARK [1][]{appendix.A}{\376\377\000C\000o\000n\000f\000i\000g\000u\000r\000a\000\347\000\365\000e\000s\000\040\000D\000e\000t\000a\000l\000h\000a\000d\000a\000s\000\040\000d\000o\000\040\000P\000i\000p\000e\000l\000i\000n\000e}{}% 59
\BOOKMARK [2][]{subsection.A.1}{\376\377\000H\000i\000p\000e\000r\000p\000a\000r\000\342\000m\000e\000t\000r\000o\000s\000\040\000C\000o\000n\000s\000o\000l\000i\000d\000a\000d\000o\000s}{appendix.A}% 60
\BOOKMARK [2][]{subsection.A.2}{\376\377\000O\000r\000g\000a\000n\000i\000z\000a\000\347\000\343\000o\000\040\000d\000o\000s\000\040\000A\000r\000t\000e\000f\000a\000t\000o\000s}{appendix.A}% 61
\BOOKMARK [1][]{appendix.B}{\376\377\000I\000m\000p\000l\000e\000m\000e\000n\000t\000a\000\347\000\343\000o\000\040\000d\000e\000\040\000R\000e\000f\000e\000r\000\352\000n\000c\000i\000a}{}% 62
\BOOKMARK [1][]{appendix.C}{\376\377\000C\000o\000m\000a\000n\000d\000o\000s\000\040\000d\000e\000\040\000E\000x\000e\000c\000u\000\347\000\343\000o\000\040\000e\000\040\000R\000e\000p\000r\000o\000d\000u\000t\000i\000b\000i\000l\000i\000d\000a\000d\000e}{}% 63
\BOOKMARK [1][]{appendix.D}{\376\377\000M\000a\000t\000r\000i\000z\000e\000s\000\040\000d\000e\000\040\000C\000o\000n\000f\000u\000s\000\343\000o\000\040\000C\000o\000m\000p\000l\000e\000t\000a\000s}{}% 64
